2022-03-16 19:21:52,289 WARN com.zaxxer.hikari.pool.HikariPool$HouseKeeper [HikariPool-1 housekeeper] HikariPool-1 - Thread starvation or clock leap detected (housekeeper delta=21h13m29s344ms575µs700ns).
2022-03-16 19:29:05,848 INFO org.springframework.boot.StartupInfoLogger [main] Starting DeliveryApiApplication using Java 11.0.11 on DESKTOP-7VUUI6T with PID 4852 (C:\Users\Rayben\Desktop\deliveryAPI\target\classes started by Rayben in C:\Users\Rayben\Desktop\deliveryAPI)
2022-03-16 19:29:05,848 INFO org.springframework.boot.SpringApplication [main] No active profile set, falling back to 1 default profile: "default"
2022-03-16 19:29:07,227 INFO org.springframework.data.repository.config.RepositoryConfigurationDelegate [main] Bootstrapping Spring Data JPA repositories in DEFAULT mode.
2022-03-16 19:29:07,366 INFO org.springframework.data.repository.config.RepositoryConfigurationDelegate [main] Finished Spring Data repository scanning in 126 ms. Found 4 JPA repository interfaces.
2022-03-16 19:29:08,686 INFO org.springframework.boot.web.embedded.tomcat.TomcatWebServer [main] Tomcat initialized with port(s): 8080 (http)
2022-03-16 19:29:08,705 INFO org.apache.juli.logging.DirectJDKLog [main] Initializing ProtocolHandler ["http-nio-8080"]
2022-03-16 19:29:08,705 INFO org.apache.juli.logging.DirectJDKLog [main] Starting service [Tomcat]
2022-03-16 19:29:08,705 INFO org.apache.juli.logging.DirectJDKLog [main] Starting Servlet engine: [Apache Tomcat/9.0.58]
2022-03-16 19:29:08,915 INFO org.apache.juli.logging.DirectJDKLog [main] Initializing Spring embedded WebApplicationContext
2022-03-16 19:29:08,915 INFO org.springframework.boot.web.servlet.context.ServletWebServerApplicationContext [main] Root WebApplicationContext: initialization completed in 2961 ms
2022-03-16 19:29:08,978 INFO com.zaxxer.hikari.HikariDataSource [main] HikariPool-1 - Starting...
2022-03-16 19:29:09,288 INFO com.zaxxer.hikari.HikariDataSource [main] HikariPool-1 - Start completed.
2022-03-16 19:29:09,309 INFO org.springframework.boot.autoconfigure.h2.H2ConsoleAutoConfiguration [main] H2 console available at '/h2-console'. Database available at 'jdbc:h2:file:./restaurant.db'
2022-03-16 19:29:09,603 INFO org.hibernate.jpa.internal.util.LogHelper [main] HHH000204: Processing PersistenceUnitInfo [name: default]
2022-03-16 19:29:09,678 INFO org.hibernate.Version [main] HHH000412: Hibernate ORM core version 5.6.5.Final
2022-03-16 19:29:09,945 INFO org.hibernate.annotations.common.reflection.java.JavaReflectionManager [main] HCANN000001: Hibernate Commons Annotations {5.1.2.Final}
2022-03-16 19:29:10,126 INFO org.hibernate.dialect.Dialect [main] HHH000400: Using dialect: org.hibernate.dialect.H2Dialect
2022-03-16 19:29:11,398 INFO org.hibernate.engine.transaction.jta.platform.internal.JtaPlatformInitiator [main] HHH000490: Using JtaPlatform implementation: [org.hibernate.engine.transaction.jta.platform.internal.NoJtaPlatform]
2022-03-16 19:29:11,417 INFO org.springframework.orm.jpa.AbstractEntityManagerFactoryBean [main] Initialized JPA EntityManagerFactory for persistence unit 'default'
2022-03-16 19:29:12,196 WARN org.springframework.boot.autoconfigure.orm.jpa.JpaBaseConfiguration$JpaWebConfiguration [main] spring.jpa.open-in-view is enabled by default. Therefore, database queries may be performed during view rendering. Explicitly configure spring.jpa.open-in-view to disable this warning
2022-03-16 19:29:12,826 INFO org.apache.juli.logging.DirectJDKLog [main] Starting ProtocolHandler ["http-nio-8080"]
2022-03-16 19:29:12,867 INFO org.springframework.boot.web.embedded.tomcat.TomcatWebServer [main] Tomcat started on port(s): 8080 (http) with context path ''
2022-03-16 19:29:12,888 INFO org.springframework.boot.StartupInfoLogger [main] Started DeliveryApiApplication in 7.754 seconds (JVM running for 8.696)
2022-03-16 19:29:33,692 INFO org.apache.juli.logging.DirectJDKLog [http-nio-8080-exec-1] Initializing Spring DispatcherServlet 'dispatcherServlet'
2022-03-16 19:29:33,692 INFO org.springframework.web.servlet.FrameworkServlet [http-nio-8080-exec-1] Initializing Servlet 'dispatcherServlet'
2022-03-16 19:29:33,698 INFO org.springframework.web.servlet.FrameworkServlet [http-nio-8080-exec-1] Completed initialization in 6 ms
2022-03-16 19:29:33,874 INFO com.svalero.deliveryAPI.controller.RiderController [http-nio-8080-exec-1] Start numOrdersRider 97
2022-03-16 19:29:36,469 INFO com.svalero.deliveryAPI.controller.RiderController [http-nio-8080-exec-4] Start numOrdersRider 97
2022-03-16 19:30:56,384 INFO com.svalero.deliveryAPI.controller.RiderController [http-nio-8080-exec-5] Start numOrdersRider 97
2022-03-16 19:34:33,254 INFO org.springframework.boot.StartupInfoLogger [main] Starting DeliveryApiApplication using Java 11.0.11 on DESKTOP-7VUUI6T with PID 12820 (C:\Users\Rayben\Desktop\deliveryAPI\target\classes started by Rayben in C:\Users\Rayben\Desktop\deliveryAPI)
2022-03-16 19:34:33,254 INFO org.springframework.boot.SpringApplication [main] No active profile set, falling back to 1 default profile: "default"
2022-03-16 19:34:34,786 INFO org.springframework.data.repository.config.RepositoryConfigurationDelegate [main] Bootstrapping Spring Data JPA repositories in DEFAULT mode.
2022-03-16 19:34:34,927 INFO org.springframework.data.repository.config.RepositoryConfigurationDelegate [main] Finished Spring Data repository scanning in 126 ms. Found 4 JPA repository interfaces.
2022-03-16 19:34:36,364 INFO org.springframework.boot.web.embedded.tomcat.TomcatWebServer [main] Tomcat initialized with port(s): 8080 (http)
2022-03-16 19:34:36,380 INFO org.apache.juli.logging.DirectJDKLog [main] Initializing ProtocolHandler ["http-nio-8080"]
2022-03-16 19:34:36,380 INFO org.apache.juli.logging.DirectJDKLog [main] Starting service [Tomcat]
2022-03-16 19:34:36,380 INFO org.apache.juli.logging.DirectJDKLog [main] Starting Servlet engine: [Apache Tomcat/9.0.58]
2022-03-16 19:34:36,630 INFO org.apache.juli.logging.DirectJDKLog [main] Initializing Spring embedded WebApplicationContext
2022-03-16 19:34:36,630 INFO org.springframework.boot.web.servlet.context.ServletWebServerApplicationContext [main] Root WebApplicationContext: initialization completed in 3282 ms
2022-03-16 19:34:36,708 INFO com.zaxxer.hikari.HikariDataSource [main] HikariPool-1 - Starting...
2022-03-16 19:34:37,052 INFO com.zaxxer.hikari.HikariDataSource [main] HikariPool-1 - Start completed.
2022-03-16 19:34:37,068 INFO org.springframework.boot.autoconfigure.h2.H2ConsoleAutoConfiguration [main] H2 console available at '/h2-console'. Database available at 'jdbc:h2:file:./restaurant.db'
2022-03-16 19:34:37,396 INFO org.hibernate.jpa.internal.util.LogHelper [main] HHH000204: Processing PersistenceUnitInfo [name: default]
2022-03-16 19:34:37,490 INFO org.hibernate.Version [main] HHH000412: Hibernate ORM core version 5.6.5.Final
2022-03-16 19:34:37,771 INFO org.hibernate.annotations.common.reflection.java.JavaReflectionManager [main] HCANN000001: Hibernate Commons Annotations {5.1.2.Final}
2022-03-16 19:34:37,990 INFO org.hibernate.dialect.Dialect [main] HHH000400: Using dialect: org.hibernate.dialect.H2Dialect
2022-03-16 19:34:39,475 INFO org.hibernate.engine.transaction.jta.platform.internal.JtaPlatformInitiator [main] HHH000490: Using JtaPlatform implementation: [org.hibernate.engine.transaction.jta.platform.internal.NoJtaPlatform]
2022-03-16 19:34:39,490 INFO org.springframework.orm.jpa.AbstractEntityManagerFactoryBean [main] Initialized JPA EntityManagerFactory for persistence unit 'default'
2022-03-16 19:34:40,475 WARN org.springframework.boot.autoconfigure.orm.jpa.JpaBaseConfiguration$JpaWebConfiguration [main] spring.jpa.open-in-view is enabled by default. Therefore, database queries may be performed during view rendering. Explicitly configure spring.jpa.open-in-view to disable this warning
2022-03-16 19:34:41,305 INFO org.apache.juli.logging.DirectJDKLog [main] Starting ProtocolHandler ["http-nio-8080"]
2022-03-16 19:34:41,361 INFO org.springframework.boot.web.embedded.tomcat.TomcatWebServer [main] Tomcat started on port(s): 8080 (http) with context path ''
2022-03-16 19:34:41,385 INFO org.springframework.boot.StartupInfoLogger [main] Started DeliveryApiApplication in 8.84 seconds (JVM running for 10.028)
2022-03-16 19:34:43,724 INFO org.apache.juli.logging.DirectJDKLog [http-nio-8080-exec-1] Initializing Spring DispatcherServlet 'dispatcherServlet'
2022-03-16 19:34:43,724 INFO org.springframework.web.servlet.FrameworkServlet [http-nio-8080-exec-1] Initializing Servlet 'dispatcherServlet'
2022-03-16 19:34:43,724 INFO org.springframework.web.servlet.FrameworkServlet [http-nio-8080-exec-1] Completed initialization in 0 ms
2022-03-16 19:34:43,865 INFO com.svalero.deliveryAPI.controller.RiderController [http-nio-8080-exec-1] Start numOrdersRider 97
2022-03-16 19:34:48,569 INFO com.svalero.deliveryAPI.controller.RiderController [http-nio-8080-exec-4] Start numOrdersRider 97
2022-03-16 19:38:35,364 INFO org.springframework.boot.StartupInfoLogger [main] Starting DeliveryApiApplication using Java 11.0.11 on DESKTOP-7VUUI6T with PID 12112 (C:\Users\Rayben\Desktop\deliveryAPI\target\classes started by Rayben in C:\Users\Rayben\Desktop\deliveryAPI)
2022-03-16 19:38:35,380 INFO org.springframework.boot.SpringApplication [main] No active profile set, falling back to 1 default profile: "default"
2022-03-16 19:38:36,817 INFO org.springframework.data.repository.config.RepositoryConfigurationDelegate [main] Bootstrapping Spring Data JPA repositories in DEFAULT mode.
2022-03-16 19:38:36,958 INFO org.springframework.data.repository.config.RepositoryConfigurationDelegate [main] Finished Spring Data repository scanning in 122 ms. Found 4 JPA repository interfaces.
2022-03-16 19:38:38,224 INFO org.springframework.boot.web.embedded.tomcat.TomcatWebServer [main] Tomcat initialized with port(s): 8080 (http)
2022-03-16 19:38:38,255 INFO org.apache.juli.logging.DirectJDKLog [main] Initializing ProtocolHandler ["http-nio-8080"]
2022-03-16 19:38:38,255 INFO org.apache.juli.logging.DirectJDKLog [main] Starting service [Tomcat]
2022-03-16 19:38:38,255 INFO org.apache.juli.logging.DirectJDKLog [main] Starting Servlet engine: [Apache Tomcat/9.0.58]
2022-03-16 19:38:38,459 INFO org.apache.juli.logging.DirectJDKLog [main] Initializing Spring embedded WebApplicationContext
2022-03-16 19:38:38,459 INFO org.springframework.boot.web.servlet.context.ServletWebServerApplicationContext [main] Root WebApplicationContext: initialization completed in 3001 ms
2022-03-16 19:38:38,537 INFO com.zaxxer.hikari.HikariDataSource [main] HikariPool-1 - Starting...
2022-03-16 19:38:38,835 INFO com.zaxxer.hikari.HikariDataSource [main] HikariPool-1 - Start completed.
2022-03-16 19:38:38,851 INFO org.springframework.boot.autoconfigure.h2.H2ConsoleAutoConfiguration [main] H2 console available at '/h2-console'. Database available at 'jdbc:h2:file:./restaurant.db'
2022-03-16 19:38:39,128 INFO org.hibernate.jpa.internal.util.LogHelper [main] HHH000204: Processing PersistenceUnitInfo [name: default]
2022-03-16 19:38:39,222 INFO org.hibernate.Version [main] HHH000412: Hibernate ORM core version 5.6.5.Final
2022-03-16 19:38:39,441 INFO org.hibernate.annotations.common.reflection.java.JavaReflectionManager [main] HCANN000001: Hibernate Commons Annotations {5.1.2.Final}
2022-03-16 19:38:39,628 INFO org.hibernate.dialect.Dialect [main] HHH000400: Using dialect: org.hibernate.dialect.H2Dialect
2022-03-16 19:38:40,905 INFO org.hibernate.engine.transaction.jta.platform.internal.JtaPlatformInitiator [main] HHH000490: Using JtaPlatform implementation: [org.hibernate.engine.transaction.jta.platform.internal.NoJtaPlatform]
2022-03-16 19:38:40,936 INFO org.springframework.orm.jpa.AbstractEntityManagerFactoryBean [main] Initialized JPA EntityManagerFactory for persistence unit 'default'
2022-03-16 19:38:41,718 WARN org.springframework.boot.autoconfigure.orm.jpa.JpaBaseConfiguration$JpaWebConfiguration [main] spring.jpa.open-in-view is enabled by default. Therefore, database queries may be performed during view rendering. Explicitly configure spring.jpa.open-in-view to disable this warning
2022-03-16 19:38:42,296 INFO org.apache.juli.logging.DirectJDKLog [main] Starting ProtocolHandler ["http-nio-8080"]
2022-03-16 19:38:42,358 INFO org.springframework.boot.web.embedded.tomcat.TomcatWebServer [main] Tomcat started on port(s): 8080 (http) with context path ''
2022-03-16 19:38:42,374 INFO org.springframework.boot.StartupInfoLogger [main] Started DeliveryApiApplication in 7.643 seconds (JVM running for 8.663)
2022-03-16 19:38:51,881 INFO org.apache.juli.logging.DirectJDKLog [http-nio-8080-exec-2] Initializing Spring DispatcherServlet 'dispatcherServlet'
2022-03-16 19:38:51,881 INFO org.springframework.web.servlet.FrameworkServlet [http-nio-8080-exec-2] Initializing Servlet 'dispatcherServlet'
2022-03-16 19:38:51,881 INFO org.springframework.web.servlet.FrameworkServlet [http-nio-8080-exec-2] Completed initialization in 0 ms
2022-03-16 19:38:52,009 INFO com.svalero.deliveryAPI.controller.RiderController [http-nio-8080-exec-2] Start numOrdersRider 97
2022-03-16 19:43:03,447 INFO org.springframework.boot.StartupInfoLogger [main] Starting DeliveryApiApplication using Java 11.0.11 on DESKTOP-7VUUI6T with PID 12228 (C:\Users\Rayben\Desktop\deliveryAPI\target\classes started by Rayben in C:\Users\Rayben\Desktop\deliveryAPI)
2022-03-16 19:43:03,463 INFO org.springframework.boot.SpringApplication [main] No active profile set, falling back to 1 default profile: "default"
2022-03-16 19:43:04,792 INFO org.springframework.data.repository.config.RepositoryConfigurationDelegate [main] Bootstrapping Spring Data JPA repositories in DEFAULT mode.
2022-03-16 19:43:04,945 INFO org.springframework.data.repository.config.RepositoryConfigurationDelegate [main] Finished Spring Data repository scanning in 125 ms. Found 4 JPA repository interfaces.
2022-03-16 19:43:06,206 INFO org.springframework.boot.web.embedded.tomcat.TomcatWebServer [main] Tomcat initialized with port(s): 8080 (http)
2022-03-16 19:43:06,221 INFO org.apache.juli.logging.DirectJDKLog [main] Initializing ProtocolHandler ["http-nio-8080"]
2022-03-16 19:43:06,221 INFO org.apache.juli.logging.DirectJDKLog [main] Starting service [Tomcat]
2022-03-16 19:43:06,221 INFO org.apache.juli.logging.DirectJDKLog [main] Starting Servlet engine: [Apache Tomcat/9.0.58]
2022-03-16 19:43:06,479 INFO org.apache.juli.logging.DirectJDKLog [main] Initializing Spring embedded WebApplicationContext
2022-03-16 19:43:06,479 INFO org.springframework.boot.web.servlet.context.ServletWebServerApplicationContext [main] Root WebApplicationContext: initialization completed in 2925 ms
2022-03-16 19:43:06,541 INFO com.zaxxer.hikari.HikariDataSource [main] HikariPool-1 - Starting...
2022-03-16 19:43:06,838 INFO com.zaxxer.hikari.HikariDataSource [main] HikariPool-1 - Start completed.
2022-03-16 19:43:06,854 INFO org.springframework.boot.autoconfigure.h2.H2ConsoleAutoConfiguration [main] H2 console available at '/h2-console'. Database available at 'jdbc:h2:file:./restaurant.db'
2022-03-16 19:43:07,135 INFO org.hibernate.jpa.internal.util.LogHelper [main] HHH000204: Processing PersistenceUnitInfo [name: default]
2022-03-16 19:43:07,229 INFO org.hibernate.Version [main] HHH000412: Hibernate ORM core version 5.6.5.Final
2022-03-16 19:43:07,479 INFO org.hibernate.annotations.common.reflection.java.JavaReflectionManager [main] HCANN000001: Hibernate Commons Annotations {5.1.2.Final}
2022-03-16 19:43:07,666 INFO org.hibernate.dialect.Dialect [main] HHH000400: Using dialect: org.hibernate.dialect.H2Dialect
2022-03-16 19:43:08,859 INFO org.hibernate.engine.transaction.jta.platform.internal.JtaPlatformInitiator [main] HHH000490: Using JtaPlatform implementation: [org.hibernate.engine.transaction.jta.platform.internal.NoJtaPlatform]
2022-03-16 19:43:08,874 INFO org.springframework.orm.jpa.AbstractEntityManagerFactoryBean [main] Initialized JPA EntityManagerFactory for persistence unit 'default'
2022-03-16 19:43:09,589 WARN org.springframework.boot.autoconfigure.orm.jpa.JpaBaseConfiguration$JpaWebConfiguration [main] spring.jpa.open-in-view is enabled by default. Therefore, database queries may be performed during view rendering. Explicitly configure spring.jpa.open-in-view to disable this warning
2022-03-16 19:43:10,121 INFO org.apache.juli.logging.DirectJDKLog [main] Starting ProtocolHandler ["http-nio-8080"]
2022-03-16 19:43:10,168 INFO org.springframework.boot.web.embedded.tomcat.TomcatWebServer [main] Tomcat started on port(s): 8080 (http) with context path ''
2022-03-16 19:43:10,183 INFO org.springframework.boot.StartupInfoLogger [main] Started DeliveryApiApplication in 7.431 seconds (JVM running for 8.604)
2022-03-16 19:44:04,844 INFO org.apache.juli.logging.DirectJDKLog [http-nio-8080-exec-1] Initializing Spring DispatcherServlet 'dispatcherServlet'
2022-03-16 19:44:04,852 INFO org.springframework.web.servlet.FrameworkServlet [http-nio-8080-exec-1] Initializing Servlet 'dispatcherServlet'
2022-03-16 19:44:04,852 INFO org.springframework.web.servlet.FrameworkServlet [http-nio-8080-exec-1] Completed initialization in 0 ms
2022-03-16 19:44:04,960 INFO com.svalero.deliveryAPI.controller.RiderController [http-nio-8080-exec-1] Start numOrdersRider 97
2022-03-16 19:48:15,264 INFO org.springframework.boot.StartupInfoLogger [main] Starting DeliveryApiApplication using Java 11.0.11 on DESKTOP-7VUUI6T with PID 11260 (C:\Users\Rayben\Desktop\deliveryAPI\target\classes started by Rayben in C:\Users\Rayben\Desktop\deliveryAPI)
2022-03-16 19:48:15,280 INFO org.springframework.boot.SpringApplication [main] No active profile set, falling back to 1 default profile: "default"
2022-03-16 19:48:16,970 INFO org.springframework.data.repository.config.RepositoryConfigurationDelegate [main] Bootstrapping Spring Data JPA repositories in DEFAULT mode.
2022-03-16 19:48:17,126 INFO org.springframework.data.repository.config.RepositoryConfigurationDelegate [main] Finished Spring Data repository scanning in 137 ms. Found 4 JPA repository interfaces.
2022-03-16 19:48:18,517 INFO org.springframework.boot.web.embedded.tomcat.TomcatWebServer [main] Tomcat initialized with port(s): 8080 (http)
2022-03-16 19:48:18,549 INFO org.apache.juli.logging.DirectJDKLog [main] Initializing ProtocolHandler ["http-nio-8080"]
2022-03-16 19:48:18,549 INFO org.apache.juli.logging.DirectJDKLog [main] Starting service [Tomcat]
2022-03-16 19:48:18,549 INFO org.apache.juli.logging.DirectJDKLog [main] Starting Servlet engine: [Apache Tomcat/9.0.58]
2022-03-16 19:48:18,798 INFO org.apache.juli.logging.DirectJDKLog [main] Initializing Spring embedded WebApplicationContext
2022-03-16 19:48:18,798 INFO org.springframework.boot.web.servlet.context.ServletWebServerApplicationContext [main] Root WebApplicationContext: initialization completed in 3440 ms
2022-03-16 19:48:18,861 INFO com.zaxxer.hikari.HikariDataSource [main] HikariPool-1 - Starting...
2022-03-16 19:48:19,173 INFO com.zaxxer.hikari.HikariDataSource [main] HikariPool-1 - Start completed.
2022-03-16 19:48:19,189 INFO org.springframework.boot.autoconfigure.h2.H2ConsoleAutoConfiguration [main] H2 console available at '/h2-console'. Database available at 'jdbc:h2:file:./restaurant.db'
2022-03-16 19:48:19,486 INFO org.hibernate.jpa.internal.util.LogHelper [main] HHH000204: Processing PersistenceUnitInfo [name: default]
2022-03-16 19:48:19,595 INFO org.hibernate.Version [main] HHH000412: Hibernate ORM core version 5.6.5.Final
2022-03-16 19:48:19,892 INFO org.hibernate.annotations.common.reflection.java.JavaReflectionManager [main] HCANN000001: Hibernate Commons Annotations {5.1.2.Final}
2022-03-16 19:48:20,145 INFO org.hibernate.dialect.Dialect [main] HHH000400: Using dialect: org.hibernate.dialect.H2Dialect
2022-03-16 19:48:21,482 INFO org.hibernate.engine.transaction.jta.platform.internal.JtaPlatformInitiator [main] HHH000490: Using JtaPlatform implementation: [org.hibernate.engine.transaction.jta.platform.internal.NoJtaPlatform]
2022-03-16 19:48:21,498 INFO org.springframework.orm.jpa.AbstractEntityManagerFactoryBean [main] Initialized JPA EntityManagerFactory for persistence unit 'default'
2022-03-16 19:48:22,243 WARN org.springframework.boot.autoconfigure.orm.jpa.JpaBaseConfiguration$JpaWebConfiguration [main] spring.jpa.open-in-view is enabled by default. Therefore, database queries may be performed during view rendering. Explicitly configure spring.jpa.open-in-view to disable this warning
2022-03-16 19:48:22,795 INFO org.apache.juli.logging.DirectJDKLog [main] Starting ProtocolHandler ["http-nio-8080"]
2022-03-16 19:48:22,842 INFO org.springframework.boot.web.embedded.tomcat.TomcatWebServer [main] Tomcat started on port(s): 8080 (http) with context path ''
2022-03-16 19:48:22,857 INFO org.springframework.boot.StartupInfoLogger [main] Started DeliveryApiApplication in 8.264 seconds (JVM running for 9.293)
2022-03-16 19:48:32,780 INFO org.apache.juli.logging.DirectJDKLog [http-nio-8080-exec-3] Initializing Spring DispatcherServlet 'dispatcherServlet'
2022-03-16 19:48:32,780 INFO org.springframework.web.servlet.FrameworkServlet [http-nio-8080-exec-3] Initializing Servlet 'dispatcherServlet'
2022-03-16 19:48:32,788 INFO org.springframework.web.servlet.FrameworkServlet [http-nio-8080-exec-3] Completed initialization in 8 ms
2022-03-16 19:48:32,914 INFO com.svalero.deliveryAPI.controller.RiderController [http-nio-8080-exec-3] Start numOrdersRider 97
2022-03-16 19:50:44,578 INFO org.springframework.boot.StartupInfoLogger [main] Starting DeliveryApiApplication using Java 11.0.11 on DESKTOP-7VUUI6T with PID 7676 (C:\Users\Rayben\Desktop\deliveryAPI\target\classes started by Rayben in C:\Users\Rayben\Desktop\deliveryAPI)
2022-03-16 19:50:44,578 INFO org.springframework.boot.SpringApplication [main] No active profile set, falling back to 1 default profile: "default"
2022-03-16 19:50:46,039 INFO org.springframework.data.repository.config.RepositoryConfigurationDelegate [main] Bootstrapping Spring Data JPA repositories in DEFAULT mode.
2022-03-16 19:50:46,211 INFO org.springframework.data.repository.config.RepositoryConfigurationDelegate [main] Finished Spring Data repository scanning in 145 ms. Found 4 JPA repository interfaces.
2022-03-16 19:50:47,424 INFO org.springframework.boot.web.embedded.tomcat.TomcatWebServer [main] Tomcat initialized with port(s): 8080 (http)
2022-03-16 19:50:47,440 INFO org.apache.juli.logging.DirectJDKLog [main] Initializing ProtocolHandler ["http-nio-8080"]
2022-03-16 19:50:47,440 INFO org.apache.juli.logging.DirectJDKLog [main] Starting service [Tomcat]
2022-03-16 19:50:47,440 INFO org.apache.juli.logging.DirectJDKLog [main] Starting Servlet engine: [Apache Tomcat/9.0.58]
2022-03-16 19:50:47,645 INFO org.apache.juli.logging.DirectJDKLog [main] Initializing Spring embedded WebApplicationContext
2022-03-16 19:50:47,645 INFO org.springframework.boot.web.servlet.context.ServletWebServerApplicationContext [main] Root WebApplicationContext: initialization completed in 2989 ms
2022-03-16 19:50:47,692 INFO com.zaxxer.hikari.HikariDataSource [main] HikariPool-1 - Starting...
2022-03-16 19:50:47,989 INFO com.zaxxer.hikari.HikariDataSource [main] HikariPool-1 - Start completed.
2022-03-16 19:50:48,020 INFO org.springframework.boot.autoconfigure.h2.H2ConsoleAutoConfiguration [main] H2 console available at '/h2-console'. Database available at 'jdbc:h2:file:./restaurant.db'
2022-03-16 19:50:48,292 INFO org.hibernate.jpa.internal.util.LogHelper [main] HHH000204: Processing PersistenceUnitInfo [name: default]
2022-03-16 19:50:48,378 INFO org.hibernate.Version [main] HHH000412: Hibernate ORM core version 5.6.5.Final
2022-03-16 19:50:48,581 INFO org.hibernate.annotations.common.reflection.java.JavaReflectionManager [main] HCANN000001: Hibernate Commons Annotations {5.1.2.Final}
2022-03-16 19:50:48,769 INFO org.hibernate.dialect.Dialect [main] HHH000400: Using dialect: org.hibernate.dialect.H2Dialect
2022-03-16 19:50:49,930 INFO org.hibernate.engine.transaction.jta.platform.internal.JtaPlatformInitiator [main] HHH000490: Using JtaPlatform implementation: [org.hibernate.engine.transaction.jta.platform.internal.NoJtaPlatform]
2022-03-16 19:50:49,946 INFO org.springframework.orm.jpa.AbstractEntityManagerFactoryBean [main] Initialized JPA EntityManagerFactory for persistence unit 'default'
2022-03-16 19:50:50,557 WARN org.springframework.boot.autoconfigure.orm.jpa.JpaBaseConfiguration$JpaWebConfiguration [main] spring.jpa.open-in-view is enabled by default. Therefore, database queries may be performed during view rendering. Explicitly configure spring.jpa.open-in-view to disable this warning
2022-03-16 19:50:51,057 INFO org.apache.juli.logging.DirectJDKLog [main] Starting ProtocolHandler ["http-nio-8080"]
2022-03-16 19:50:51,104 INFO org.springframework.boot.web.embedded.tomcat.TomcatWebServer [main] Tomcat started on port(s): 8080 (http) with context path ''
2022-03-16 19:50:51,120 INFO org.springframework.boot.StartupInfoLogger [main] Started DeliveryApiApplication in 7.244 seconds (JVM running for 8.32)
2022-03-16 19:50:57,427 INFO org.apache.juli.logging.DirectJDKLog [http-nio-8080-exec-1] Initializing Spring DispatcherServlet 'dispatcherServlet'
2022-03-16 19:50:57,427 INFO org.springframework.web.servlet.FrameworkServlet [http-nio-8080-exec-1] Initializing Servlet 'dispatcherServlet'
2022-03-16 19:50:57,427 INFO org.springframework.web.servlet.FrameworkServlet [http-nio-8080-exec-1] Completed initialization in 0 ms
2022-03-16 19:50:57,564 INFO com.svalero.deliveryAPI.controller.RiderController [http-nio-8080-exec-1] Start numOrdersRider 97
2022-03-16 19:54:34,969 INFO com.svalero.deliveryAPI.controller.RiderController [http-nio-8080-exec-4] Start numOrdersRider 97
2022-03-16 20:01:59,700 INFO org.springframework.boot.StartupInfoLogger [main] Starting DeliveryApiApplication using Java 11.0.11 on DESKTOP-7VUUI6T with PID 10380 (C:\Users\Rayben\Desktop\deliveryAPI\target\classes started by Rayben in C:\Users\Rayben\Desktop\deliveryAPI)
2022-03-16 20:01:59,710 INFO org.springframework.boot.SpringApplication [main] No active profile set, falling back to 1 default profile: "default"
2022-03-16 20:02:01,221 INFO org.springframework.data.repository.config.RepositoryConfigurationDelegate [main] Bootstrapping Spring Data JPA repositories in DEFAULT mode.
2022-03-16 20:02:01,362 INFO org.springframework.data.repository.config.RepositoryConfigurationDelegate [main] Finished Spring Data repository scanning in 124 ms. Found 4 JPA repository interfaces.
2022-03-16 20:02:02,640 INFO org.springframework.boot.web.embedded.tomcat.TomcatWebServer [main] Tomcat initialized with port(s): 8080 (http)
2022-03-16 20:02:02,663 INFO org.apache.juli.logging.DirectJDKLog [main] Initializing ProtocolHandler ["http-nio-8080"]
2022-03-16 20:02:02,670 INFO org.apache.juli.logging.DirectJDKLog [main] Starting service [Tomcat]
2022-03-16 20:02:02,670 INFO org.apache.juli.logging.DirectJDKLog [main] Starting Servlet engine: [Apache Tomcat/9.0.58]
2022-03-16 20:02:02,934 INFO org.apache.juli.logging.DirectJDKLog [main] Initializing Spring embedded WebApplicationContext
2022-03-16 20:02:02,934 INFO org.springframework.boot.web.servlet.context.ServletWebServerApplicationContext [main] Root WebApplicationContext: initialization completed in 3131 ms
2022-03-16 20:02:03,021 INFO com.zaxxer.hikari.HikariDataSource [main] HikariPool-1 - Starting...
2022-03-16 20:02:03,342 INFO com.zaxxer.hikari.HikariDataSource [main] HikariPool-1 - Start completed.
2022-03-16 20:02:03,362 INFO org.springframework.boot.autoconfigure.h2.H2ConsoleAutoConfiguration [main] H2 console available at '/h2-console'. Database available at 'jdbc:h2:file:./restaurant.db'
2022-03-16 20:02:03,985 INFO org.hibernate.jpa.internal.util.LogHelper [main] HHH000204: Processing PersistenceUnitInfo [name: default]
2022-03-16 20:02:04,133 INFO org.hibernate.Version [main] HHH000412: Hibernate ORM core version 5.6.5.Final
2022-03-16 20:02:04,383 INFO org.hibernate.annotations.common.reflection.java.JavaReflectionManager [main] HCANN000001: Hibernate Commons Annotations {5.1.2.Final}
2022-03-16 20:02:04,544 INFO org.hibernate.dialect.Dialect [main] HHH000400: Using dialect: org.hibernate.dialect.H2Dialect
2022-03-16 20:02:05,914 INFO org.hibernate.engine.transaction.jta.platform.internal.JtaPlatformInitiator [main] HHH000490: Using JtaPlatform implementation: [org.hibernate.engine.transaction.jta.platform.internal.NoJtaPlatform]
2022-03-16 20:02:05,932 INFO org.springframework.orm.jpa.AbstractEntityManagerFactoryBean [main] Initialized JPA EntityManagerFactory for persistence unit 'default'
2022-03-16 20:02:06,704 WARN org.springframework.boot.autoconfigure.orm.jpa.JpaBaseConfiguration$JpaWebConfiguration [main] spring.jpa.open-in-view is enabled by default. Therefore, database queries may be performed during view rendering. Explicitly configure spring.jpa.open-in-view to disable this warning
2022-03-16 20:02:07,310 INFO org.apache.juli.logging.DirectJDKLog [main] Starting ProtocolHandler ["http-nio-8080"]
2022-03-16 20:02:07,353 INFO org.springframework.boot.web.embedded.tomcat.TomcatWebServer [main] Tomcat started on port(s): 8080 (http) with context path ''
2022-03-16 20:02:07,374 INFO org.springframework.boot.StartupInfoLogger [main] Started DeliveryApiApplication in 8.383 seconds (JVM running for 9.617)
2022-03-16 20:02:09,774 INFO org.apache.juli.logging.DirectJDKLog [http-nio-8080-exec-2] Initializing Spring DispatcherServlet 'dispatcherServlet'
2022-03-16 20:02:09,774 INFO org.springframework.web.servlet.FrameworkServlet [http-nio-8080-exec-2] Initializing Servlet 'dispatcherServlet'
2022-03-16 20:02:09,782 INFO org.springframework.web.servlet.FrameworkServlet [http-nio-8080-exec-2] Completed initialization in 8 ms
2022-03-16 20:02:09,892 INFO com.svalero.deliveryAPI.controller.RiderController [http-nio-8080-exec-2] Start numOrdersRider 97
2022-03-16 20:15:56,305 INFO org.springframework.boot.StartupInfoLogger [main] Starting DeliveryApiApplication using Java 11.0.11 on DESKTOP-7VUUI6T with PID 6492 (C:\Users\Rayben\Desktop\deliveryAPI\target\classes started by Rayben in C:\Users\Rayben\Desktop\deliveryAPI)
2022-03-16 20:15:56,313 INFO org.springframework.boot.SpringApplication [main] No active profile set, falling back to 1 default profile: "default"
2022-03-16 20:15:57,215 INFO org.springframework.data.repository.config.RepositoryConfigurationDelegate [main] Bootstrapping Spring Data JPA repositories in DEFAULT mode.
2022-03-16 20:15:57,314 INFO org.springframework.data.repository.config.RepositoryConfigurationDelegate [main] Finished Spring Data repository scanning in 84 ms. Found 4 JPA repository interfaces.
2022-03-16 20:15:58,186 INFO org.springframework.boot.web.embedded.tomcat.TomcatWebServer [main] Tomcat initialized with port(s): 8080 (http)
2022-03-16 20:15:58,203 INFO org.apache.juli.logging.DirectJDKLog [main] Initializing ProtocolHandler ["http-nio-8080"]
2022-03-16 20:15:58,203 INFO org.apache.juli.logging.DirectJDKLog [main] Starting service [Tomcat]
2022-03-16 20:15:58,203 INFO org.apache.juli.logging.DirectJDKLog [main] Starting Servlet engine: [Apache Tomcat/9.0.58]
2022-03-16 20:15:58,375 INFO org.apache.juli.logging.DirectJDKLog [main] Initializing Spring embedded WebApplicationContext
2022-03-16 20:15:58,375 INFO org.springframework.boot.web.servlet.context.ServletWebServerApplicationContext [main] Root WebApplicationContext: initialization completed in 2002 ms
2022-03-16 20:15:58,415 INFO com.zaxxer.hikari.HikariDataSource [main] HikariPool-1 - Starting...
2022-03-16 20:15:58,615 INFO com.zaxxer.hikari.HikariDataSource [main] HikariPool-1 - Start completed.
2022-03-16 20:15:58,631 INFO org.springframework.boot.autoconfigure.h2.H2ConsoleAutoConfiguration [main] H2 console available at '/h2-console'. Database available at 'jdbc:h2:file:./restaurant.db'
2022-03-16 20:15:58,823 INFO org.hibernate.jpa.internal.util.LogHelper [main] HHH000204: Processing PersistenceUnitInfo [name: default]
2022-03-16 20:15:58,879 INFO org.hibernate.Version [main] HHH000412: Hibernate ORM core version 5.6.5.Final
2022-03-16 20:15:59,045 INFO org.hibernate.annotations.common.reflection.java.JavaReflectionManager [main] HCANN000001: Hibernate Commons Annotations {5.1.2.Final}
2022-03-16 20:15:59,175 INFO org.hibernate.dialect.Dialect [main] HHH000400: Using dialect: org.hibernate.dialect.H2Dialect
2022-03-16 20:16:00,075 INFO org.hibernate.engine.transaction.jta.platform.internal.JtaPlatformInitiator [main] HHH000490: Using JtaPlatform implementation: [org.hibernate.engine.transaction.jta.platform.internal.NoJtaPlatform]
2022-03-16 20:16:00,083 INFO org.springframework.orm.jpa.AbstractEntityManagerFactoryBean [main] Initialized JPA EntityManagerFactory for persistence unit 'default'
2022-03-16 20:16:00,585 WARN org.springframework.boot.autoconfigure.orm.jpa.JpaBaseConfiguration$JpaWebConfiguration [main] spring.jpa.open-in-view is enabled by default. Therefore, database queries may be performed during view rendering. Explicitly configure spring.jpa.open-in-view to disable this warning
2022-03-16 20:16:00,950 INFO org.apache.juli.logging.DirectJDKLog [main] Starting ProtocolHandler ["http-nio-8080"]
2022-03-16 20:16:00,978 INFO org.springframework.boot.web.embedded.tomcat.TomcatWebServer [main] Tomcat started on port(s): 8080 (http) with context path ''
2022-03-16 20:16:00,992 INFO org.springframework.boot.StartupInfoLogger [main] Started DeliveryApiApplication in 5.197 seconds (JVM running for 6.05)
2022-03-16 20:16:57,179 INFO org.apache.juli.logging.DirectJDKLog [http-nio-8080-exec-1] Initializing Spring DispatcherServlet 'dispatcherServlet'
2022-03-16 20:16:57,187 INFO org.springframework.web.servlet.FrameworkServlet [http-nio-8080-exec-1] Initializing Servlet 'dispatcherServlet'
2022-03-16 20:16:57,187 INFO org.springframework.web.servlet.FrameworkServlet [http-nio-8080-exec-1] Completed initialization in 0 ms
2022-03-16 20:16:57,229 INFO com.svalero.deliveryAPI.controller.RiderController [http-nio-8080-exec-1] Start numOrdersRider 97
2022-03-16 20:17:21,568 INFO com.svalero.deliveryAPI.controller.RiderController [http-nio-8080-exec-4] Start numOrdersRider 97
2022-03-16 20:22:59,084 INFO org.springframework.boot.StartupInfoLogger [main] Starting DeliveryApiApplication using Java 11.0.11 on DESKTOP-7VUUI6T with PID 2980 (C:\Users\Rayben\Desktop\deliveryAPI\target\classes started by Rayben in C:\Users\Rayben\Desktop\deliveryAPI)
2022-03-16 20:22:59,099 INFO org.springframework.boot.SpringApplication [main] No active profile set, falling back to 1 default profile: "default"
2022-03-16 20:23:00,062 INFO org.springframework.data.repository.config.RepositoryConfigurationDelegate [main] Bootstrapping Spring Data JPA repositories in DEFAULT mode.
2022-03-16 20:23:00,161 INFO org.springframework.data.repository.config.RepositoryConfigurationDelegate [main] Finished Spring Data repository scanning in 83 ms. Found 4 JPA repository interfaces.
2022-03-16 20:23:01,084 INFO org.springframework.boot.web.embedded.tomcat.TomcatWebServer [main] Tomcat initialized with port(s): 8080 (http)
2022-03-16 20:23:01,100 INFO org.apache.juli.logging.DirectJDKLog [main] Initializing ProtocolHandler ["http-nio-8080"]
2022-03-16 20:23:01,100 INFO org.apache.juli.logging.DirectJDKLog [main] Starting service [Tomcat]
2022-03-16 20:23:01,100 INFO org.apache.juli.logging.DirectJDKLog [main] Starting Servlet engine: [Apache Tomcat/9.0.58]
2022-03-16 20:23:01,242 INFO org.apache.juli.logging.DirectJDKLog [main] Initializing Spring embedded WebApplicationContext
2022-03-16 20:23:01,242 INFO org.springframework.boot.web.servlet.context.ServletWebServerApplicationContext [main] Root WebApplicationContext: initialization completed in 2080 ms
2022-03-16 20:23:01,273 INFO com.zaxxer.hikari.HikariDataSource [main] HikariPool-1 - Starting...
2022-03-16 20:23:01,476 INFO com.zaxxer.hikari.HikariDataSource [main] HikariPool-1 - Start completed.
2022-03-16 20:23:01,492 INFO org.springframework.boot.autoconfigure.h2.H2ConsoleAutoConfiguration [main] H2 console available at '/h2-console'. Database available at 'jdbc:h2:file:./restaurant.db'
2022-03-16 20:23:01,717 INFO org.hibernate.jpa.internal.util.LogHelper [main] HHH000204: Processing PersistenceUnitInfo [name: default]
2022-03-16 20:23:01,763 INFO org.hibernate.Version [main] HHH000412: Hibernate ORM core version 5.6.5.Final
2022-03-16 20:23:01,920 INFO org.hibernate.annotations.common.reflection.java.JavaReflectionManager [main] HCANN000001: Hibernate Commons Annotations {5.1.2.Final}
2022-03-16 20:23:02,060 INFO org.hibernate.dialect.Dialect [main] HHH000400: Using dialect: org.hibernate.dialect.H2Dialect
2022-03-16 20:23:03,014 INFO org.hibernate.engine.transaction.jta.platform.internal.JtaPlatformInitiator [main] HHH000490: Using JtaPlatform implementation: [org.hibernate.engine.transaction.jta.platform.internal.NoJtaPlatform]
2022-03-16 20:23:03,029 INFO org.springframework.orm.jpa.AbstractEntityManagerFactoryBean [main] Initialized JPA EntityManagerFactory for persistence unit 'default'
2022-03-16 20:23:03,561 WARN org.springframework.boot.autoconfigure.orm.jpa.JpaBaseConfiguration$JpaWebConfiguration [main] spring.jpa.open-in-view is enabled by default. Therefore, database queries may be performed during view rendering. Explicitly configure spring.jpa.open-in-view to disable this warning
2022-03-16 20:23:03,922 INFO org.apache.juli.logging.DirectJDKLog [main] Starting ProtocolHandler ["http-nio-8080"]
2022-03-16 20:23:03,984 INFO org.springframework.boot.web.embedded.tomcat.TomcatWebServer [main] Tomcat started on port(s): 8080 (http) with context path ''
2022-03-16 20:23:04,008 INFO org.springframework.boot.StartupInfoLogger [main] Started DeliveryApiApplication in 5.43 seconds (JVM running for 6.267)
2022-03-16 20:23:07,559 INFO org.apache.juli.logging.DirectJDKLog [http-nio-8080-exec-1] Initializing Spring DispatcherServlet 'dispatcherServlet'
2022-03-16 20:23:07,559 INFO org.springframework.web.servlet.FrameworkServlet [http-nio-8080-exec-1] Initializing Servlet 'dispatcherServlet'
2022-03-16 20:23:07,559 INFO org.springframework.web.servlet.FrameworkServlet [http-nio-8080-exec-1] Completed initialization in 0 ms
